N09_M07_F10_K001.npz: (300, 3, 2048)
N15_M01_F10_K001.npz: (300, 3, 2048)
N15_M07_F04_K001.npz: (300, 3, 2048)
N15_M07_F10_K001.npz: (300, 3, 2048)
N09_M07_F10_K002.npz: (300, 3, 2048)
N15_M01_F10_K002.npz: (302, 3, 2048)
N15_M07_F04_K002.npz: (300, 3, 2048)
N15_M07_F10_K002.npz: (301, 3, 2048)
N09_M07_F10_K003.npz: (300, 3, 2048)
N15_M01_F10_K003.npz: (301, 3, 2048)
N15_M07_F04_K003.npz: (302, 3, 2048)
N15_M07_F10_K003.npz: (300, 3, 2048)
N09_M07_F10_K004.npz: (300, 3, 2048)
N15_M01_F10_K004.npz: (300, 3, 2048)
N15_M07_F04_K004.npz: (300, 3, 2048)
N15_M07_F10_K004.npz: (300, 3, 2048)
N09_M07_F10_K005.npz: (300, 3, 2048)
N15_M01_F10_K005.npz: (300, 3, 2048)
N15_M07_F04_K005.npz: (300, 3, 2048)
N15_M07_F10_K005.npz: (300, 3, 2048)
N09_M07_F10_KA04.npz: (300, 3, 2048)
N15_M01_F10_KA04.npz: (301, 3, 2048)
N15_M07_F04_KA04.npz: (300, 3, 2048)
N15_M07_F10_KA04.npz: (300, 3, 2048)
N09_M07_F10_KA15.npz: (300, 3, 2048)
N15_M01_F10_KA15.npz: (300, 3, 2048)
N15_M07_F04_KA15.npz: (301, 3, 2048)
N15_M07_F10_KA15.npz: (300, 3, 2048)
N09_M07_F10_KA16.npz: (300, 3, 2048)
N15_M01_F10_KA16.npz: (301, 3, 2048)
N15_M07_F04_KA16.npz: (300, 3, 2048)
N15_M07_F10_KA16.npz: (300, 3, 2048)
N09_M07_F10_KA22.npz: (303, 3, 2048)
N15_M01_F10_KA22.npz: (301, 3, 2048)
N15_M07_F04_KA22.npz: (300, 3, 2048)
N15_M07_F10_KA22.npz: (301, 3, 2048)
N09_M07_F10_KA30.npz: (300, 3, 2048)
N15_M01_F10_KA30.npz: (301, 3, 2048)
N15_M07_F04_KA30.npz: (300, 3, 2048)
N15_M07_F10_KA30.npz: (300, 3, 2048)
N09_M07_F10_KI04.npz: (301, 3, 2048)
N15_M01_F10_KI04.npz: (300, 3, 2048)
N15_M07_F04_KI04.npz: (300, 3, 2048)
N15_M07_F10_KI04.npz: (300, 3, 2048)
N09_M07_F10_KI14.npz: (300, 3, 2048)
N15_M01_F10_KI14.npz: (300, 3, 2048)
N15_M07_F04_KI14.npz: (301, 3, 2048)
N15_M07_F10_KI14.npz: (302, 3, 2048)
N09_M07_F10_KI16.npz: (300, 3, 2048)
N15_M01_F10_KI16.npz: (305, 3, 2048)
N15_M07_F04_KI16.npz: (304, 3, 2048)
N15_M07_F10_KI16.npz: (301, 3, 2048)
N09_M07_F10_KI17.npz: (302, 3, 2048)
N15_M01_F10_KI17.npz: (302, 3, 2048)
N15_M07_F04_KI17.npz: (301, 3, 2048)
N15_M07_F10_KI17.npz: (300, 3, 2048)
N09_M07_F10_KI18.npz: (301, 3, 2048)
N15_M01_F10_KI18.npz: (300, 3, 2048)
N15_M07_F04_KI18.npz: (301, 3, 2048)
N15_M07_F10_KI18.npz: (300, 3, 2048)
N09_M07_F10_KI21.npz: (301, 3, 2048)
N15_M01_F10_KI21.npz: (300, 3, 2048)
N15_M07_F04_KI21.npz: (300, 3, 2048)
N15_M07_F10_KI21.npz: (300, 3, 2048)
